<?xml version="1.0" encoding="UTF-8"?>
<testsuite name="com.moodanalyser.MoodAnalyserTest" tests="2" skipped="0" failures="0" errors="0" timestamp="2019-11-26T05:26:57" hostname="mohit-Inspiron-15-3567" time="0.002">
  <properties/>
  <testcase name="givenMoodAnalyserClass_RespondSadMessage" classname="com.moodanalyser.MoodAnalyserTest" time="0.001"/>
  <testcase name="givenMoodAnalyserClass_WhenProper_RespondHappyMessage" classname="com.moodanalyser.MoodAnalyserTest" time="0.0"/>
  <system-out><![CDATA[]]></system-out>
  <system-err><![CDATA[]]></system-err>
</testsuite>
