<?xml version="1.0" encoding="UTF-8"?>
<testsuite name="com.moodanalyser.MoodAnalyserTest" tests="2" skipped="0" failures="0" errors="0" timestamp="2019-11-26T05:40:53" hostname="mohit-Inspiron-15-3567" time="0.004">
  <properties/>
  <testcase name="givenAnyMoodMessage_RespondHappyMood" classname="com.moodanalyser.MoodAnalyserTest" time="0.003"/>
  <testcase name="givenSadMoodMessage_RespondSadMood" classname="com.moodanalyser.MoodAnalyserTest" time="0.0"/>
  <system-out><![CDATA[]]></system-out>
  <system-err><![CDATA[]]></system-err>
</testsuite>
